<?xml version="1.0" encoding="UTF-8"?>
<testsuite xmlns:xsi="http://www.w3.org/2001/XMLSchema-instance" xsi:noNamespaceSchemaLocation="https://maven.apache.org/surefire/maven-surefire-plugin/xsd/surefire-test-report-3.0.xsd" version="3.0" name="orabank.intership.reconciliation.ReconciliationApplicationTests" time="16.667" tests="1" errors="0" skipped="0" failures="0">
  <properties>
[...]
</properties>
  <testcase name="contextLoads" classname="orabank.intership.reconciliation.ReconciliationApplicationTests" time="1.489">
    <system-out><![CDATA[15:11:07.580 [main] INFO org.springframework.test.context.support.AnnotationConfigContextLoaderUtils -- Could not detect default configuration classes for test class [orabank.intership.reconciliation.ReconciliationApplicationTests]: ReconciliationApplicationTests does not declare any static, non-private, non-final, nested classes annotated with @Configuration.
15:11:07.846 [main] INFO org.springframework.boot.test.context.SpringBootTestContextBootstrapper -- Found @SpringBootConfiguration orabank.intership.reconciliation.ReconciliationApplication for test class orabank.intership.reconciliation.ReconciliationApplicationTests

  .   ____          _            __ _ _
 /\\ / ___'_ __ _ _(_)_ __  __ _ \ \ \ \
( ( )\___ | '_ | '_| | '_ \/ _` | \ \ \ \
 \\/  ___)| |_)| | | | | || (_| |  ) ) ) )
  '  |____| .__|_| |_|_| |_\__, | / / / /
 =========|_|==============|___/=/_/_/_/

 :: Spring Boot ::                (v3.3.2)

2024-08-27T15:11:08.848+02:00  INFO 13436 --- [           main] o.i.r.ReconciliationApplicationTests     : Starting ReconciliationApplicationTests using Java 17.0.7 with PID 13436 (started by adral in D:\reconciliation)
2024-08-27T15:11:08.852+02:00  INFO 13436 --- [           main] o.i.r.ReconciliationApplicationTests     : No active profile set, falling back to 1 default profile: "default"
2024-08-27T15:11:11.899+02:00  INFO 13436 --- [           main] .s.d.r.c.RepositoryConfigurationDelegate : Bootstrapping Spring Data JPA repositories in DEFAULT mode.
2024-08-27T15:11:12.184+02:00  INFO 13436 --- [           main] .s.d.r.c.RepositoryConfigurationDelegate : Finished Spring Data repository scanning in 267 ms. Found 7 JPA repository interfaces.
2024-08-27T15:11:13.697+02:00  INFO 13436 --- [           main] com.zaxxer.hikari.HikariDataSource       : HikariPool-1 - Starting...
2024-08-27T15:11:14.139+02:00  INFO 13436 --- [           main] com.zaxxer.hikari.pool.HikariPool        : HikariPool-1 - Added connection conn0: url=jdbc:h2:mem:e320688d-ee8e-49de-8f1c-c4aa3955a984 user=SA
2024-08-27T15:11:14.142+02:00  INFO 13436 --- [           main] com.zaxxer.hikari.HikariDataSource       : HikariPool-1 - Start completed.
2024-08-27T15:11:14.243+02:00  INFO 13436 --- [           main] o.hibernate.jpa.internal.util.LogHelper  : HHH000204: Processing PersistenceUnitInfo [name: default]
2024-08-27T15:11:14.392+02:00  INFO 13436 --- [           main] org.hibernate.Version                    : HHH000412: Hibernate ORM core version 6.5.2.Final
2024-08-27T15:11:14.473+02:00  INFO 13436 --- [           main] o.h.c.internal.RegionFactoryInitiator    : HHH000026: Second-level cache disabled
2024-08-27T15:11:15.193+02:00  INFO 13436 --- [           main] o.s.o.j.p.SpringPersistenceUnitInfo      : No LoadTimeWeaver setup: ignoring JPA class transformer
2024-08-27T15:11:18.687+02:00  INFO 13436 --- [           main] o.h.e.t.j.p.i.JtaPlatformInitiator       : HHH000489: No JTA platform available (set 'hibernate.transaction.jta.platform' to enable JTA platform integration)
2024-08-27T15:11:18.850+02:00  INFO 13436 --- [           main] j.LocalContainerEntityManagerFactoryBean : Initialized JPA EntityManagerFactory for persistence unit 'default'
2024-08-27T15:11:20.300+02:00  WARN 13436 --- [           main] JpaBaseConfiguration$JpaWebConfiguration : spring.jpa.open-in-view is enabled by default. Therefore, database queries may be performed during view rendering. Explicitly configure spring.jpa.open-in-view to disable this warning
2024-08-27T15:11:20.339+02:00  INFO 13436 --- [           main] eAuthenticationProviderManagerConfigurer : Global AuthenticationManager configured with AuthenticationProvider bean with name authenticationProvider
2024-08-27T15:11:20.340+02:00  WARN 13436 --- [           main] r$InitializeUserDetailsManagerConfigurer : Global AuthenticationManager configured with an AuthenticationProvider bean. UserDetailsService beans will not be used for username/password login. Consider removing the AuthenticationProvider bean. Alternatively, consider using the UserDetailsService in a manually instantiated DaoAuthenticationProvider.
2024-08-27T15:11:21.984+02:00  INFO 13436 --- [           main] o.s.b.a.h2.H2ConsoleAutoConfiguration    : H2 console available at '/h2-console'. Database available at 'jdbc:h2:mem:e320688d-ee8e-49de-8f1c-c4aa3955a984'
2024-08-27T15:11:22.211+02:00  INFO 13436 --- [           main] o.i.r.ReconciliationApplicationTests     : Started ReconciliationApplicationTests in 14.024 seconds (process running for 16.523)
]]></system-out>
  </testcase>
</testsuite>